|2013-04-25 00:13:10|# [RUNPIPELINE]
|2013-04-25 00:13:10| touch /Users/treangen/dev/metAMOS/Tutorial/first/Preprocess/out/lib1.seq
|2013-04-25 00:13:10| rm /Users/treangen/dev/metAMOS/Tutorial/first/Logs/assemble.ok
|2013-04-25 00:13:10|# [CLASSIFY]
|2013-04-25 00:13:10| touch /Users/treangen/dev/metAMOS/Tutorial/first/Propagate/out/proba.clusters
|2013-04-25 00:13:10|# [PROPAGATE]
|2013-04-25 00:13:10| touch /Users/treangen/dev/metAMOS/Tutorial/first/Annotate/out/proba.annots
|2013-04-25 00:13:11|# [PREPROCESS]
|2013-04-25 00:13:16| java -cp /Users/treangen/dev/metAMOS/Utilities/java:.:. outputDefaultQuality /Users/treangen/dev/metAMOS/Tutorial/first/Preprocess/in/mystery_genome_reads.fna > /Users/treangen/dev/metAMOS/Tutorial/first/Preprocess/in/mystery_genome_reads.fna.qual
|2013-04-25 00:13:16| rm /Users/treangen/dev/metAMOS/Tutorial/first/Preprocess/out/all.seq.mates
|2013-04-25 00:13:24| cp /Users/treangen/dev/metAMOS/Tutorial/first/Preprocess/out/mystery_genome_reads.fna /Users/treangen/dev/metAMOS/Tutorial/first/Preprocess/out/lib1.seq
|2013-04-25 00:13:25| cp /Users/treangen/dev/metAMOS/Tutorial/first/Preprocess/out/mystery_genome_reads.fna.qual /Users/treangen/dev/metAMOS/Tutorial/first/Preprocess/out/lib1.seq.qual
|2013-04-25 00:13:26| python /Users/treangen/dev/metAMOS/Utilities/python/extract_mates_from_fasta.py /Users/treangen/dev/metAMOS/Tutorial/first/Preprocess/out/lib1.seq
|2013-04-25 00:13:27| perl /Users/treangen/dev/metAMOS/Utilities/perl/split_fasta.pl /Users/treangen/dev/metAMOS/Tutorial/first/Preprocess/out/lib1.seq /Users/treangen/dev/metAMOS/Tutorial/first/Preprocess/out/lib1.1.fasta /Users/treangen/dev/metAMOS/Tutorial/first/Preprocess/out/lib1.2.fasta
|2013-04-25 00:13:28| perl /Users/treangen/dev/metAMOS/Utilities/perl/split_fasta.pl /Users/treangen/dev/metAMOS/Tutorial/first/Preprocess/out/lib1.seq.qual /Users/treangen/dev/metAMOS/Tutorial/first/Preprocess/out/lib1.1.fasta.qual /Users/treangen/dev/metAMOS/Tutorial/first/Preprocess/out/lib1.2.fasta.qual
|2013-04-25 00:13:28| ln /Users/treangen/dev/metAMOS/Tutorial/first/Preprocess/out/lib1.seq /Users/treangen/dev/metAMOS/Tutorial/first/Preprocess/out/lib1.fasta
|2013-04-25 00:13:37| java -cp /Users/treangen/dev/metAMOS/Utilities/java:. convertFastaAndQualToFastq /Users/treangen/dev/metAMOS/Tutorial/first/Preprocess/out/lib1.seq /Users/treangen/dev/metAMOS/Tutorial/first/Preprocess/out/lib1.seq.qual > /Users/treangen/dev/metAMOS/Tutorial/first/Preprocess/out/lib1.fastq
|2013-04-25 00:13:41| java -cp /Users/treangen/dev/metAMOS/Utilities/java:. convertFastaAndQualToFastq /Users/treangen/dev/metAMOS/Tutorial/first/Preprocess/out/lib1.1.fasta /Users/treangen/dev/metAMOS/Tutorial/first/Preprocess/out/lib1.1.fasta.qual > /Users/treangen/dev/metAMOS/Tutorial/first/Preprocess/out/lib1.1.fastq
|2013-04-25 00:13:46| java -cp /Users/treangen/dev/metAMOS/Utilities/java:. convertFastaAndQualToFastq /Users/treangen/dev/metAMOS/Tutorial/first/Preprocess/out/lib1.2.fasta /Users/treangen/dev/metAMOS/Tutorial/first/Preprocess/out/lib1.2.fasta.qual > /Users/treangen/dev/metAMOS/Tutorial/first/Preprocess/out/lib1.2.fastq
|2013-04-25 00:13:46| touch /Users/treangen/dev/metAMOS/Tutorial/first/Preprocess/out/preprocess.success
|2013-04-25 00:13:47|# [ASSEMBLE]
|2013-04-25 00:13:52| /Users/treangen/dev/metAMOS/Utilities/cpp/Darwin-x86_64/SOAPdenovo-63mer pregraph -p 15 -d -K 55 -D  -d   -s /Users/treangen/dev/metAMOS/Tutorial/first/soapconfig.txt -o /Users/treangen/dev/metAMOS/Tutorial/first/Assemble/out/proba.asm
|2013-04-25 00:13:52| /Users/treangen/dev/metAMOS/Utilities/cpp/Darwin-x86_64/SOAPdenovo-63mer contig -g /Users/treangen/dev/metAMOS/Tutorial/first/Assemble/out/proba.asm -R -M 3
|2013-04-25 00:13:54|# [MAPREADS]
|2013-04-25 00:13:54| /Users/treangen/dev/metAMOS/Utilities/cpp/Darwin-x86_64/bowtie-build -o 2 /Users/treangen/dev/metAMOS/Tutorial/first/Assemble/out/proba.asm.contig /Users/treangen/dev/metAMOS/Tutorial/first/Assemble/out/IDX
|2013-04-25 00:14:00| /Users/treangen/dev/metAMOS/Utilities/cpp/Darwin-x86_64/bowtie -p 15 -f -l 25 -e 140 --best --strata -m 10 -k 1 --un /Users/treangen/dev/metAMOS/Tutorial/first/Assemble/out/lib1.unaligned.fasta /Users/treangen/dev/metAMOS/Tutorial/first/Assemble/out/IDX /Users/treangen/dev/metAMOS/Tutorial/first/Preprocess/out/lib1.seq > /Users/treangen/dev/metAMOS/Tutorial/first/Assemble/out/lib1.bout
|2013-04-25 00:14:04| cat /Users/treangen/dev/metAMOS/Tutorial/first/Assemble/out/proba.lib1.mappedmates >> /Users/treangen/dev/metAMOS/Tutorial/first/Assemble/out/proba.lib1.hdr 
|2013-04-25 00:14:04| cp /Users/treangen/dev/metAMOS/Tutorial/first/Assemble/out/proba.lib1.hdr /Users/treangen/dev/metAMOS/Tutorial/first/Assemble/out/proba.lib1.mappedmates 
|2013-04-25 00:14:05| touch /Users/treangen/dev/metAMOS/Tutorial/first/Assemble/out/mapreads.success
|2013-04-25 00:14:06|# [FINDORFS]
|2013-04-25 00:14:06| unlink /Users/treangen/dev/metAMOS/Tutorial/first/FindORFS/in/proba.asm.contig
|2013-04-25 00:14:06| ln -s /Users/treangen/dev/metAMOS/Tutorial/first/Assemble/out/proba.asm.contig /Users/treangen/dev/metAMOS/Tutorial/first/FindORFS/in/
|2013-04-25 00:14:07| /Users/treangen/dev/metAMOS/Utilities/cpp/Darwin-x86_64/FragGeneScan -s /Users/treangen/dev/metAMOS/Tutorial/first/FindORFS/in/proba.asm.contig -o /Users/treangen/dev/metAMOS/Tutorial/first/FindORFS/out/proba.orfs -w 0 -t complete
|2013-04-25 00:14:07| mv /Users/treangen/dev/metAMOS/Tutorial/first/FindORFS/out/proba.orfs.ffn /Users/treangen/dev/metAMOS/Tutorial/first/FindORFS/out/proba.ctg.fna
|2013-04-25 00:14:07| mv /Users/treangen/dev/metAMOS/Tutorial/first/FindORFS/out/proba.orfs.faa /Users/treangen/dev/metAMOS/Tutorial/first/FindORFS/out/proba.ctg.faa
|2013-04-25 00:14:07| mv /Users/treangen/dev/metAMOS/Tutorial/first/FindORFS/out/proba.gene.cvg /Users/treangen/dev/metAMOS/Tutorial/first/FindORFS/out/proba.ctg.gene.cvg
|2013-04-25 00:14:07| mv /Users/treangen/dev/metAMOS/Tutorial/first/FindORFS/out/proba.gene.map /Users/treangen/dev/metAMOS/Tutorial/first/FindORFS/out/proba.ctg.gene.map
|2013-04-25 00:14:07| ln -s /Users/treangen/dev/metAMOS/Tutorial/first/Assemble/out/lib1.unaligned.fasta /Users/treangen/dev/metAMOS/Tutorial/first/FindORFS/in/
|2013-04-25 00:15:32| /Users/treangen/dev/metAMOS/Utilities/cpp/Darwin-x86_64/FragGeneScan -s /Users/treangen/dev/metAMOS/Tutorial/first/FindORFS/in/lib1.unaligned.fasta -o /Users/treangen/dev/metAMOS/Tutorial/first/FindORFS/out/proba.orfs -w 0 -t complete
|2013-04-25 00:15:33| mv /Users/treangen/dev/metAMOS/Tutorial/first/FindORFS/out/proba.orfs.ffn /Users/treangen/dev/metAMOS/Tutorial/first/FindORFS/out/proba.lib1.fna
|2013-04-25 00:15:33| mv /Users/treangen/dev/metAMOS/Tutorial/first/FindORFS/out/proba.orfs.faa /Users/treangen/dev/metAMOS/Tutorial/first/FindORFS/out/proba.lib1.faa
|2013-04-25 00:15:33| mv /Users/treangen/dev/metAMOS/Tutorial/first/FindORFS/out/proba.gene.cvg /Users/treangen/dev/metAMOS/Tutorial/first/FindORFS/out/proba.lib1.gene.cvg
|2013-04-25 00:15:33| mv /Users/treangen/dev/metAMOS/Tutorial/first/FindORFS/out/proba.gene.map /Users/treangen/dev/metAMOS/Tutorial/first/FindORFS/out/proba.lib1.gene.map
|2013-04-25 00:15:33| rm -r /Users/treangen/dev/metAMOS/Tutorial/first/FindORFS/out/proba.fna
|2013-04-25 00:15:33| cat /Users/treangen/dev/metAMOS/Tutorial/first/FindORFS/out/proba*.fna > /Users/treangen/dev/metAMOS/Tutorial/first/FindORFS/out/proba.fna
|2013-04-25 00:15:33| rm -r /Users/treangen/dev/metAMOS/Tutorial/first/FindORFS/out/proba.fna.bnk
|2013-04-25 00:15:34| /Users/treangen/dev/metAMOS/AMOS/Darwin-x86_64/bin/toAmos_new -s /Users/treangen/dev/metAMOS/Tutorial/first/FindORFS/out/proba.fna -b /Users/treangen/dev/metAMOS/Tutorial/first/FindORFS/out/proba.fna.bnk
|2013-04-25 00:15:34| rm -r /Users/treangen/dev/metAMOS/Tutorial/first/FindORFS/out/proba.faa
|2013-04-25 00:15:34| cat /Users/treangen/dev/metAMOS/Tutorial/first/FindORFS/out/proba*.faa > /Users/treangen/dev/metAMOS/Tutorial/first/FindORFS/out/proba.faa
|2013-04-25 00:15:34| rm -r /Users/treangen/dev/metAMOS/Tutorial/first/FindORFS/out/proba.faa.bnk
|2013-04-25 00:15:35| /Users/treangen/dev/metAMOS/AMOS/Darwin-x86_64/bin/toAmos_new -s /Users/treangen/dev/metAMOS/Tutorial/first/FindORFS/out/proba.faa -b /Users/treangen/dev/metAMOS/Tutorial/first/FindORFS/out/proba.faa.bnk
|2013-04-25 00:15:35| rm -r /Users/treangen/dev/metAMOS/Tutorial/first/FindORFS/out/proba.gene.cvg
|2013-04-25 00:15:35| cat /Users/treangen/dev/metAMOS/Tutorial/first/FindORFS/out/proba*.gene.cvg > /Users/treangen/dev/metAMOS/Tutorial/first/FindORFS/out/proba.gene.cvg
|2013-04-25 00:15:35| rm -r /Users/treangen/dev/metAMOS/Tutorial/first/FindORFS/out/proba.gene.map
|2013-04-25 00:15:35| cat /Users/treangen/dev/metAMOS/Tutorial/first/FindORFS/out/proba*.gene.map > /Users/treangen/dev/metAMOS/Tutorial/first/FindORFS/out/proba.gene.map
|2013-04-25 00:15:35| unlink /Users/treangen/dev/metAMOS/Tutorial/first/Annotate/in/proba.faa
|2013-04-25 00:15:35| unlink /Users/treangen/dev/metAMOS/Tutorial/first/Annotate/in/proba.fna
|2013-04-25 00:15:35| unlink /Users/treangen/dev/metAMOS/Tutorial/first/FindRepeats/in/proba.fna
|2013-04-25 00:15:35| ln -s /Users/treangen/dev/metAMOS/Tutorial/first/FindORFS/out/proba.faa /Users/treangen/dev/metAMOS/Tutorial/first/Annotate/in/
|2013-04-25 00:15:35| ln -s /Users/treangen/dev/metAMOS/Tutorial/first/FindORFS/out/proba.fna /Users/treangen/dev/metAMOS/Tutorial/first/Annotate/in/
|2013-04-25 00:15:35| ln -s /Users/treangen/dev/metAMOS/Tutorial/first/FindORFS/out/proba.faa /Users/treangen/dev/metAMOS/Tutorial/first/FindRepeats/in/
|2013-04-25 00:15:35| ln -s /Users/treangen/dev/metAMOS/Tutorial/first/FindORFS/out/proba.fna /Users/treangen/dev/metAMOS/Tutorial/first/FindRepeats/in/
|2013-04-25 00:15:36|# [FINDREPEATS]
|2013-04-25 00:15:36| touch /Users/treangen/dev/metAMOS/Tutorial/first/Logs/findrepeats.skip
|2013-04-25 00:15:37|# [ANNOTATE]
|2013-04-25 00:15:37| touch /Users/treangen/dev/metAMOS/Tutorial/first/Logs/annotate.skip
|2013-04-25 00:15:37| touch /Users/treangen/dev/metAMOS/Tutorial/first/Annotate/out/proba.hits
|2013-04-25 00:15:38|# [FUNCTIONALANNOTATION]
|2013-04-25 00:15:38| touch /Users/treangen/dev/metAMOS/Tutorial/first/Logs/functionalannotation.skip
|2013-04-25 00:15:38| touch /Users/treangen/dev/metAMOS/Tutorial/first/FunctionalAnnotation/out/blast.out
|2013-04-25 00:15:39|# [SCAFFOLD]
|2013-04-25 00:15:39| rm -rf /Users/treangen/dev/metAMOS/Tutorial/first/Scaffold/in/proba.bnk
|2013-04-25 00:15:43| /Users/treangen/dev/metAMOS/AMOS/Darwin-x86_64/bin/toAmos_new -s /Users/treangen/dev/metAMOS/Tutorial/first/Preprocess/out/lib1.seq -m /Users/treangen/dev/metAMOS/Tutorial/first/Assemble/out/proba.lib1.mappedmates -b /Users/treangen/dev/metAMOS/Tutorial/first/Scaffold/in/proba.bnk 
|2013-04-25 00:15:43| /Users/treangen/dev/metAMOS/AMOS/Darwin-x86_64/bin/toAmos_new -c /Users/treangen/dev/metAMOS/Tutorial/first/Assemble/out/proba.asm.tigr -b /Users/treangen/dev/metAMOS/Tutorial/first/Scaffold/in/proba.bnk 
|2013-04-25 00:15:44| /Users/treangen/dev/metAMOS/AMOS/Darwin-x86_64/bin/asmQC -b /Users/treangen/dev/metAMOS/Tutorial/first/Scaffold/in/proba.bnk -scaff -recompute -update -numsd 2 
|2013-04-25 00:15:44| perl /Users/treangen/dev/metAMOS/AMOS/Darwin-x86_64/bin/bank-unlock /Users/treangen/dev/metAMOS/Tutorial/first/Scaffold/in/proba.bnk
|2013-04-25 00:15:44| /Users/treangen/dev/metAMOS/AMOS/Darwin-x86_64/bin/clk -b /Users/treangen/dev/metAMOS/Tutorial/first/Scaffold/in/proba.bnk
|2013-04-25 00:15:44| /Users/treangen/dev/metAMOS/AMOS/Darwin-x86_64/bin/Bundler -b /Users/treangen/dev/metAMOS/Tutorial/first/Scaffold/in/proba.bnk
|2013-04-25 00:15:44| /Users/treangen/dev/metAMOS/AMOS/Darwin-x86_64/bin/MarkRepeats -redundancy 50  -b /Users/treangen/dev/metAMOS/Tutorial/first/Scaffold/in/proba.bnk > /Users/treangen/dev/metAMOS/Tutorial/first/Scaffold/in/proba.reps
|2013-04-25 00:15:44| /Users/treangen/dev/metAMOS/AMOS/Darwin-x86_64/bin/OrientContigs -minRedundancy 5 -all  -redundancy 10  -b /Users/treangen/dev/metAMOS/Tutorial/first/Scaffold/in/proba.bnk -repeats /Users/treangen/dev/metAMOS/Tutorial/first/Scaffold/in/proba.reps 
|2013-04-25 00:15:44| /Users/treangen/dev/metAMOS/AMOS/Darwin-x86_64/bin/bank2fasta -eid  -b /Users/treangen/dev/metAMOS/Tutorial/first/Scaffold/in/proba.bnk > /Users/treangen/dev/metAMOS/Tutorial/first/Scaffold/out/proba.contigs
|2013-04-25 00:15:44| /Users/treangen/dev/metAMOS/AMOS/Darwin-x86_64/bin/OutputMotifs -b /Users/treangen/dev/metAMOS/Tutorial/first/Scaffold/in/proba.bnk > /Users/treangen/dev/metAMOS/Tutorial/first/Scaffold/out/proba.motifs
|2013-04-25 00:15:44| /Users/treangen/dev/metAMOS/AMOS/Darwin-x86_64/bin/OutputResults -b /Users/treangen/dev/metAMOS/Tutorial/first/Scaffold/in/proba.bnk -p /Users/treangen/dev/metAMOS/Tutorial/first/Scaffold/out/proba 
|2013-04-25 00:15:44| /Users/treangen/dev/metAMOS/AMOS/Darwin-x86_64/bin/OutputScaffolds -b /Users/treangen/dev/metAMOS/Tutorial/first/Scaffold/in/proba.bnk > /Users/treangen/dev/metAMOS/Tutorial/first/Scaffold/out/proba.scaffolds.final
|2013-04-25 00:15:44| /Users/treangen/dev/metAMOS/AMOS/Darwin-x86_64/bin/Linearize -b /Users/treangen/dev/metAMOS/Tutorial/first/Scaffold/in/proba.bnk
|2013-04-25 00:15:44| /Users/treangen/dev/metAMOS/AMOS/Darwin-x86_64/bin/OutputResults -b /Users/treangen/dev/metAMOS/Tutorial/first/Scaffold/in/proba.bnk -p /Users/treangen/dev/metAMOS/Tutorial/first/Scaffold/out/proba.linearize 
|2013-04-25 00:15:44| /Users/treangen/dev/metAMOS/AMOS/Darwin-x86_64/bin/OutputScaffolds -b /Users/treangen/dev/metAMOS/Tutorial/first/Scaffold/in/proba.bnk > /Users/treangen/dev/metAMOS/Tutorial/first/Scaffold/out/proba.linearize.scaffolds.final
|2013-04-25 00:15:47|# [ABUNDANCE]
|2013-04-25 00:15:47| touch /Users/treangen/dev/metAMOS/Tutorial/first/Logs/abundance.skip
|2013-04-25 00:15:47| touch /Users/treangen/dev/metAMOS/Tutorial/first/Abundance/out/proba.taxprof.pct.txt
|2013-04-25 00:15:47| touch /Users/treangen/dev/metAMOS/Tutorial/first/Abundance/out/proba.classify.txt
|2013-04-25 00:15:47| touch /Users/treangen/dev/metAMOS/Tutorial/first/Logs/propagate.skip
|2013-04-25 00:15:47| touch /Users/treangen/dev/metAMOS/Tutorial/first/Propagate/out/proba.clusters
|2013-04-25 00:15:48| touch /Users/treangen/dev/metAMOS/Tutorial/first/Logs/classify.skip
|2013-04-25 00:15:49|# [POSTPROCESS]
|2013-04-25 00:15:49| unlink /Users/treangen/dev/metAMOS/Tutorial/first/Postprocess/out/annotate.krona.html
|2013-04-25 00:15:49| ln /Users/treangen/dev/metAMOS/Tutorial/first/Annotate/out/report.krona.html /Users/treangen/dev/metAMOS/Tutorial/first/Postprocess/out/annotate.krona.html
|2013-04-25 00:15:49| unlink /Users/treangen/dev/metAMOS/Tutorial/first/Postprocess/out/abundance.krona.html
|2013-04-25 00:15:49| ln /Users/treangen/dev/metAMOS/Tutorial/first/Abundance/out/report.krona.html /Users/treangen/dev/metAMOS/Tutorial/first/Postprocess/out/abundance.krona.html
|2013-04-25 00:15:49| unlink /Users/treangen/dev/metAMOS/Tutorial/first/Postprocess/out/class.classified
|2013-04-25 00:15:49| ln -s /Users/treangen/dev/metAMOS/Tutorial/first/Classify/out /Users/treangen/dev/metAMOS/Tutorial/first/Postprocess/out/class.classified
|2013-04-25 00:15:49| unlink /Users/treangen/dev/metAMOS/Tutorial/first/Postprocess/out/class.original.annots
|2013-04-25 00:15:49| ln /Users/treangen/dev/metAMOS/Tutorial/first/Annotate/out/proba.annots /Users/treangen/dev/metAMOS/Tutorial/first/Postprocess/out/class.original.annots
|2013-04-25 00:15:49| unlink /Users/treangen/dev/metAMOS/Tutorial/first/Postprocess/out/class.original.reads.annots
|2013-04-25 00:15:49| ln /Users/treangen/dev/metAMOS/Tutorial/first/Annotate/out/proba.reads.annots /Users/treangen/dev/metAMOS/Tutorial/first/Postprocess/out/class.original.reads.annots
|2013-04-25 00:15:49| unlink /Users/treangen/dev/metAMOS/Tutorial/first/Postprocess/out/class.propagated.annots
|2013-04-25 00:15:49| unlink /Users/treangen/dev/metAMOS/Tutorial/first/Postprocess/out/class.propagated.reads.annots
|2013-04-25 00:15:49| cp /Users/treangen/dev/metAMOS/Tutorial/first/Abundance/out/proba.classify.txt /Users/treangen/dev/metAMOS/Tutorial/first/Postprocess/out/. 
|2013-04-25 00:15:49| cp /Users/treangen/dev/metAMOS/Tutorial/first/Scaffold/out/proba.linearize.scaffolds.final /Users/treangen/dev/metAMOS/Tutorial/first/Postprocess/out/proba.scf.fa
|2013-04-25 00:15:49| cp /Users/treangen/dev/metAMOS/Tutorial/first/Scaffold/out/proba.contigs /Users/treangen/dev/metAMOS/Tutorial/first/Postprocess/out/proba.ctg.fa
|2013-04-25 00:15:49| ln -s /Users/treangen/dev/metAMOS/Tutorial/first/Scaffold/in/proba.bnk /Users/treangen/dev/metAMOS/Tutorial/first/Postprocess/out/
|2013-04-25 00:15:49| unlink /Users/treangen/dev/metAMOS/Tutorial/first/Postprocess/out/proba.lib1.contig.reads
|2013-04-25 00:15:49| ln /Users/treangen/dev/metAMOS/Tutorial/first/Assemble/out/proba.lib1contig.reads /Users/treangen/dev/metAMOS/Tutorial/first/Postprocess/out/proba.lib1.contig.reads
|2013-04-25 00:15:49| unlink /Users/treangen/dev/metAMOS/Tutorial/first/Postprocess/out/proba.lib1.unaligned.fasta
|2013-04-25 00:15:49| ln /Users/treangen/dev/metAMOS/Tutorial/first/Assemble/out/lib1.unaligned.fasta /Users/treangen/dev/metAMOS/Tutorial/first/Postprocess/out/proba.lib1.unaligned.fasta
|2013-04-25 00:15:49| unlink /Users/treangen/dev/metAMOS/Tutorial/first/Postprocess/out/proba.ctg.cnt
|2013-04-25 00:15:49| ln /Users/treangen/dev/metAMOS/Tutorial/first/Assemble/out/proba.contig.cnt /Users/treangen/dev/metAMOS/Tutorial/first/Postprocess/out/proba.ctg.cnt
|2013-04-25 00:15:49| unlink /Users/treangen/dev/metAMOS/Tutorial/first/Postprocess/out/proba.ctg.cvg
|2013-04-25 00:15:49| ln /Users/treangen/dev/metAMOS/Tutorial/first/Assemble/out/proba.contig.cvg /Users/treangen/dev/metAMOS/Tutorial/first/Postprocess/out/proba.ctg.cvg
|2013-04-25 00:15:49| unlink /Users/treangen/dev/metAMOS/Tutorial/first/Postprocess/out/html
|2013-04-25 00:15:49| mkdir  /Users/treangen/dev/metAMOS/Tutorial/first/Postprocess/out/html
|2013-04-25 00:15:49| unlink /Users/treangen/dev/metAMOS/Tutorial/first/Postprocess/out/html/class.classified
|2013-04-25 00:15:49| ln /Users/treangen/dev/metAMOS/Tutorial/first/Postprocess/out/class.classified /Users/treangen/dev/metAMOS/Tutorial/first/Postprocess/out/html/class.classified
|2013-04-25 00:15:49| unlink /Users/treangen/dev/metAMOS/Tutorial/first/Postprocess/out/html/Annotate.html
|2013-04-25 00:15:49| ln /Users/treangen/dev/metAMOS/Tutorial/first/Postprocess/out/annotate.krona.html /Users/treangen/dev/metAMOS/Tutorial/first/Postprocess/out/html/Annotate.html
|2013-04-25 00:15:49| unlink /Users/treangen/dev/metAMOS/Tutorial/first/Postprocess/out/html/Abundance.html
|2013-04-25 00:15:49| ln /Users/treangen/dev/metAMOS/Tutorial/first/Postprocess/out/abundance.krona.html /Users/treangen/dev/metAMOS/Tutorial/first/Postprocess/out/html/Abundance.html
|2013-04-25 00:15:49| mv /Users/treangen/dev/metAMOS/Tutorial/first/Preprocess/out/*.fastqc /Users/treangen/dev/metAMOS/Tutorial/first/Postprocess/out/html
|2013-04-25 00:15:49| unlink /Users/treangen/dev/metAMOS/Tutorial/first/Postprocess/out/html/propagate.in.clusters
|2013-04-25 00:15:49| ln /Users/treangen/dev/metAMOS/Tutorial/first/Propagate/in/proba.clusters /Users/treangen/dev/metAMOS/Tutorial/first/Postprocess/out/html/propagate.in.clusters
|2013-04-25 00:15:49| unlink /Users/treangen/dev/metAMOS/Tutorial/first/Postprocess/out/html/propagate.out.clusters
|2013-04-25 00:15:49| ln /Users/treangen/dev/metAMOS/Tutorial/first/Propagate/out/proba.clusters /Users/treangen/dev/metAMOS/Tutorial/first/Postprocess/out/html/propagate.out.clusters
|2013-04-25 00:15:49| unlink /Users/treangen/dev/metAMOS/Tutorial/first/Postprocess/out/html/FunctionalAnnotation.html
|2013-04-25 00:15:49| ln /Users/treangen/dev/metAMOS/Tutorial/ec.krona.html /Users/treangen/dev/metAMOS/Tutorial/first/Postprocess/out/html/FunctionalAnnotation.html
|2013-04-25 00:15:51| python /Users/treangen/dev/metAMOS/Utilities/python/create_summary.py /Users/treangen/dev/metAMOS/Tutorial/first/Abundance/out/proba.taxprof.pct.txt  /Users/treangen/dev/metAMOS/Tutorial/first/Postprocess/out/proba.bnk /Users/treangen/dev/metAMOS/Tutorial/first/Postprocess/out/html/ /Users/treangen/dev/metAMOS/Tutorial/first/Postprocess/out/proba.scf.fa /Users/treangen/dev/metAMOS/Utilities /Users/treangen/dev/metAMOS/img /Users/treangen/dev/metAMOS/AMOS/Darwin-x86_64/bin 1 class
