<html>
<head></head>
<body><table>
<tr><td><b>[Scaffolds]</b></td><td> </td></tr>
<tr><td>TotalScaffolds</td><td>3</td></tr>
<tr><td>TotalContigsInScaffolds</td><td>5</td></tr>
<tr><td>MeanContigsPerScaffold</td><td>1.67</td></tr>
<tr><td>MinContigsPerScaffold</td><td>1</td></tr>
<tr><td>MaxContigsPerScaffold</td><td>3</td></tr>
<tr><td> </td><td> </td></tr>
<tr><td>TotalBasesInScaffolds</td><td>159952</td></tr>
<tr><td>MeanBasesInScaffolds</td><td>53317.33</td></tr>
<tr><td>MaxBasesInScaffolds</td><td>155711</td></tr>
<tr><td>N50ScaffoldBases</td><td>155711</td></tr>
<tr><td> </td><td> </td></tr>
<tr><td>TotalSpanOfScaffolds</td><td>160191</td></tr>
<tr><td>MeanSpanOfScaffolds</td><td>53397.00</td></tr>
<tr><td>MinScaffoldSpan</td><td>228</td></tr>
<tr><td>MaxScaffoldSpan</td><td>155950</td></tr>
<tr><td>IntraScaffoldGaps</td><td>2</td></tr>
<tr><td>2KbScaffolds</td><td>2</td></tr>
<tr><td>2KbScaffoldSpan</td><td>159963</td></tr>
<tr><td>2KbScaffoldPercent</td><td>99.86</td></tr>
<tr><td>MeanSequenceGapSize</td><td>44.80</td></tr>
<tr><td> </td><td> </td></tr>
<tr><td><b>[Contigs]</b></td><td> </td></tr>
<tr><td>TotalContigs</td><td>23</td></tr>
<tr><td>TotalBasesInContigs</td><td>160787</td></tr>
<tr><td>MeanContigSize</td><td>6990.74</td></tr>
<tr><td>MinContigSize</td><td>228</td></tr>
<tr><td>MaxContigSize</td><td>18266</td></tr>
<tr><td>N50ContigBases</td><td>8863</td></tr>
<tr><td> </td><td> </td></tr>
<tr><td><b>[BigContigs_greater_10000]</b></td><td> </td></tr>
<tr><td>TotalBigContigs</td><td>5</td></tr>
<tr><td>BigContigLength</td><td>76537</td></tr>
<tr><td>MeanBigContigSize</td><td>15307.40</td></tr>
<tr><td>MinBigContig</td><td>12771</td></tr>
<tr><td>MaxBigContig</td><td>18266</td></tr>
<tr><td>BigContigsPercentBases</td><td>47.60</td></tr>
<tr><td> </td><td> </td></tr>
<tr><td><b>[SmallContigs]</b></td><td> </td></tr>
<tr><td>TotalSmallContigs</td><td>18</td></tr>
<tr><td>SmallContigLength</td><td>84250</td></tr>
<tr><td>MeanSmallContigSize</td><td>4680.56</td></tr>
<tr><td>MinSmallContig</td><td>228</td></tr>
<tr><td>MaxSmallContig</td><td>8863</td></tr>
<tr><td>SmallContigsPercentBases</td><td>52.40</td></tr>
<tr><td> </td><td> </td></tr>
<tr><td><b>[Reads]</b></td><td> </td></tr>
<tr><td>TotalReads</td><td>100000</td></tr>
<tr><td>ReadsInContigs</td><td>99670</td></tr>
<tr><td>BigContigReads</td><td>48157</td></tr>
<tr><td>SmallContigReads</td><td>51513</td></tr>
<tr><td>SingletonReads</td><td>330</td></tr>
</table>

